1608060315.603495 client started (9626): version 3.0a, socket /tmp/tmux-1000/default, protocol 8
1608060315.603705 on Linux 4.4.0-18362-Microsoft #1049-Microsoft Thu Aug 14 12:01:00 PST 2020; libevent 2.1.11-stable (poll)
1608060315.603783 socket is /tmp/tmux-1000/default
1608060315.603837 trying connect
1608060315.604007 add peer 0x7fffcf4737d0: 6 ((nil))
1608060315.604694 sending message 100 to peer 0x7fffcf4737d0 (4 bytes)
1608060315.604748 sending message 101 to peer 0x7fffcf4737d0 (16 bytes)
1608060315.604775 sending message 102 to peer 0x7fffcf4737d0 (11 bytes)
1608060315.604802 sending message 108 to peer 0x7fffcf4737d0 (17 bytes)
1608060315.605077 sending message 104 to peer 0x7fffcf4737d0 (0 bytes)
1608060315.605105 sending message 107 to peer 0x7fffcf4737d0 (4 bytes)
1608060315.605118 sending message 105 to peer 0x7fffcf4737d0 (16 bytes)
1608060315.605131 sending message 105 to peer 0x7fffcf4737d0 (19 bytes)
1608060315.605143 sending message 105 to peer 0x7fffcf4737d0 (29 bytes)
1608060315.605154 sending message 105 to peer 0x7fffcf4737d0 (36 bytes)
1608060315.605165 sending message 105 to peer 0x7fffcf4737d0 (28 bytes)
1608060315.605180 sending message 105 to peer 0x7fffcf4737d0 (20 bytes)
1608060315.605208 sending message 105 to peer 0x7fffcf4737d0 (11 bytes)
1608060315.605233 sending message 105 to peer 0x7fffcf4737d0 (16 bytes)
1608060315.605256 sending message 105 to peer 0x7fffcf4737d0 (21 bytes)
1608060315.605269 sending message 105 to peer 0x7fffcf4737d0 (14 bytes)
1608060315.605281 sending message 105 to peer 0x7fffcf4737d0 (17 bytes)
1608060315.605291 sending message 105 to peer 0x7fffcf4737d0 (13 bytes)
1608060315.605316 sending message 105 to peer 0x7fffcf4737d0 (1506 bytes)
1608060315.605378 sending message 105 to peer 0x7fffcf4737d0 (25 bytes)
1608060315.605401 sending message 105 to peer 0x7fffcf4737d0 (30 bytes)
1608060315.605415 sending message 105 to peer 0x7fffcf4737d0 (21 bytes)
1608060315.605428 sending message 105 to peer 0x7fffcf4737d0 (46 bytes)
1608060315.605440 sending message 105 to peer 0x7fffcf4737d0 (28 bytes)
1608060315.605463 sending message 105 to peer 0x7fffcf4737d0 (11 bytes)
1608060315.605484 sending message 105 to peer 0x7fffcf4737d0 (13 bytes)
1608060315.605504 sending message 105 to peer 0x7fffcf4737d0 (42 bytes)
1608060315.605519 sending message 105 to peer 0x7fffcf4737d0 (13 bytes)
1608060315.605541 sending message 105 to peer 0x7fffcf4737d0 (8 bytes)
1608060315.605564 sending message 105 to peer 0x7fffcf4737d0 (14 bytes)
1608060315.605583 sending message 105 to peer 0x7fffcf4737d0 (29 bytes)
1608060315.605597 sending message 105 to peer 0x7fffcf4737d0 (18 bytes)
1608060315.605610 sending message 105 to peer 0x7fffcf4737d0 (130 bytes)
1608060315.605623 sending message 105 to peer 0x7fffcf4737d0 (8 bytes)
1608060315.605642 sending message 105 to peer 0x7fffcf4737d0 (65 bytes)
1608060315.605655 sending message 105 to peer 0x7fffcf4737d0 (799 bytes)
1608060315.605700 sending message 105 to peer 0x7fffcf4737d0 (25 bytes)
1608060315.605740 sending message 105 to peer 0x7fffcf4737d0 (52 bytes)
1608060315.605757 sending message 105 to peer 0x7fffcf4737d0 (16 bytes)
1608060315.605770 sending message 105 to peer 0x7fffcf4737d0 (19 bytes)
1608060315.605786 sending message 105 to peer 0x7fffcf4737d0 (12 bytes)
1608060315.605806 sending message 106 to peer 0x7fffcf4737d0 (0 bytes)
1608060315.605830 sending message 200 to peer 0x7fffcf4737d0 (4 bytes)
1608060315.605850 client loop enter
1608060315.619417 peer 0x7fffcf4737d0 message 211
1608060315.619465 client_write: sessions should be nested with care, unset $TMUX to force\n
1608060315.619501 peer 0x7fffcf4737d0 message 203
1608060315.619521 client loop exit
